<?xml version="1.0" encoding="utf-8"?><testsuites name="pytest tests"><testsuite name="pytest" errors="0" failures="0" skipped="0" tests="29" time="4.936" timestamp="2026-07-08T09:30:35.636628+00:00" hostname="agent-env-73ec1821-aa7f-4de4-bb1d-455f0c0be007"><testcase classname="tests.backend_test.TestAuth" name="test_register_returns_user_and_token_no_password" time="0.417" /><testcase classname="tests.backend_test.TestAuth" name="test_register_duplicate_email_409" time="0.330" /><testcase classname="tests.backend_test.TestAuth" name="test_register_invalid_role_rejected" time="0.042" /><testcase classname="tests.backend_test.TestAuth" name="test_login_success" time="0.270" /><testcase classname="tests.backend_test.TestAuth" name="test_login_wrong_password_401" time="0.268" /><testcase classname="tests.backend_test.TestAuth" name="test_login_role_mismatch_403" time="0.267" /><testcase classname="tests.backend_test.TestAuth" name="test_me_requires_bearer" time="0.043" /><testcase classname="tests.backend_test.TestAuth" name="test_me_with_bearer" time="0.047" /><testcase classname="tests.backend_test.TestDoctors" name="test_list_omits_sensitive" time="0.310" /><testcase classname="tests.backend_test.TestAppointments" name="test_patient_books_self" time="0.220" /><testcase classname="tests.backend_test.TestAppointments" name="test_receptionist_books_walkin" time="0.315" /><testcase classname="tests.backend_test.TestAppointments" name="test_receptionist_walkin_missing_name_400" time="0.044" /><testcase classname="tests.backend_test.TestAppointments" name="test_doctor_cannot_book_403" time="0.043" /><testcase classname="tests.backend_test.TestAppointments" name="test_mine_scopes_by_role" time="0.324" /><testcase classname="tests.backend_test.TestAppointments" name="test_patient_can_reschedule_own" time="0.054" /><testcase classname="tests.backend_test.TestAppointments" name="test_patient_cannot_modify_others" time="0.045" /><testcase classname="tests.backend_test.TestAppointments" name="test_receptionist_can_update_any" time="0.045" /><testcase classname="tests.backend_test.TestAppointments" name="test_doctor_cannot_delete_403" time="0.132" /><testcase classname="tests.backend_test.TestAppointments" name="test_receptionist_can_cancel" time="0.045" /><testcase classname="tests.backend_test.TestAnnouncements" name="test_only_doctor_can_post" time="0.303" /><testcase classname="tests.backend_test.TestAnnouncements" name="test_get_scopes" time="0.148" /><testcase classname="tests.backend_test.TestAnnouncements" name="test_delete_own_only" time="0.357" /><testcase classname="tests.backend_test.TestDoctorStats" name="test_stats_shape" time="0.046" /><testcase classname="tests.backend_test.TestDoctorStats" name="test_stats_forbidden_for_others" time="0.189" /><testcase classname="tests.backend_test.TestEmergencyAlerts" name="test_only_receptionist_can_post" time="0.173" /><testcase classname="tests.backend_test.TestEmergencyAlerts" name="test_list_visible_to_all_roles" time="0.136" /><testcase classname="tests.backend_test.TestPublicLegacy" name="test_public_appointment" time="0.045" /><testcase classname="tests.backend_test.TestPublicLegacy" name="test_newsletter" time="0.094" /><testcase classname="tests.backend_test.TestPublicLegacy" name="test_status" time="0.089" /></testsuite></testsuites>